<?xml version="1.0" encoding="UTF-8"?>
<!-- Generated by org.testng.reporters.JUnitReportReporter -->
<testsuite hostname="HDC3-L-115BD92" failures="0" tests="1" name="testCases.TC002_Logintest" time="4.962" errors="0" timestamp="2025-04-19T15:10:18 IST" skipped="0">
  <testcase classname="testCases.TC002_Logintest" name="testlogin" time="4.962"/>
</testsuite> <!-- testCases.TC002_Logintest -->
