<?xml version="1.0" encoding="UTF-8"?>
<!-- Generated by org.testng.reporters.JUnitReportReporter -->
<testsuite hostname="HDC3-L-115BD92" failures="0" tests="1" name="testCases.AccountRegistrationTest" time="2.733" errors="0" timestamp="2025-03-30T16:40:47 IST" skipped="0">
  <testcase classname="testCases.AccountRegistrationTest" name="verify_account_registration" time="2.733"/>
</testsuite> <!-- testCases.AccountRegistrationTest -->
