<?xml version="1.0" encoding="UTF-8"?>
<!-- Generated by org.testng.reporters.JUnitReportReporter -->
<testsuite hostname="HDC3-L-115BD92" failures="0" tests="2" name="testCases.TC001_AccountRegistrationTest" time="15.491" errors="0" timestamp="2025-04-07T18:24:11 IST" skipped="0">
  <testcase classname="testCases.TC001_AccountRegistrationTest" name="verify_account_registration" time="8.063"/>
  <testcase classname="testCases.TC001_AccountRegistrationTest" name="verify_account_registration" time="7.428"/>
</testsuite> <!-- testCases.TC001_AccountRegistrationTest -->
