<?xml version="1.0" encoding="UTF-8"?>
<!-- Generated by org.testng.reporters.JUnitReportReporter -->
<testsuite hostname="HDC3-L-115BD92" failures="0" tests="1" name="testCases.TC001_AccountRegistrationTest" time="16.122" errors="0" timestamp="2025-04-19T15:10:18 IST" skipped="0">
  <testcase classname="testCases.TC001_AccountRegistrationTest" name="verify_account_registration" time="16.122"/>
</testsuite> <!-- testCases.TC001_AccountRegistrationTest -->
