<?xml version="1.0" encoding="UTF-8"?>
<!-- Generated by org.testng.reporters.JUnitReportReporter -->
<testsuite hostname="HDC3-L-115BD92" failures="0" tests="2" name="testCases.TC002_Logintest" time="7.390" errors="0" timestamp="2025-04-07T18:24:11 IST" skipped="0">
  <testcase classname="testCases.TC002_Logintest" name="testlogin" time="4.578"/>
  <testcase classname="testCases.TC002_Logintest" name="testlogin" time="2.812"/>
</testsuite> <!-- testCases.TC002_Logintest -->
